Using GPU
Loading dataset ...

Creating new model 
Beginning epoch 0
t: 8.002973582976008
v: 4.6065991380854285
Beginning epoch 1
t: 4.476382296724929
v: 4.4539944141244705
Beginning epoch 2
t: 4.076355621288762
v: 4.246587747514917
Beginning epoch 3
t: 4.531268112614456
v: 4.081009281803957
Beginning epoch 4
t: 4.130989863707144
v: 4.195336176153075
Beginning epoch 5
t: 4.045049256812738
v: 4.022671360802128
Beginning epoch 6
t: 4.1016994879684665
v: 4.105867536953804
Beginning epoch 7
t: 3.978158251370138
v: 4.000807811066312
Beginning epoch 8
t: 3.96906803248588
v: 4.068739862017432
Beginning epoch 9
t: 4.0308965324727355
v: 4.0531665984951575
Beginning epoch 10
t: 4.203397133485228
v: 3.8263276722825066
Beginning epoch 11
t: 3.943947117140233
v: 4.044287538472381
Beginning epoch 12
t: 4.138944966191788
v: 3.974608969274257
Beginning epoch 13
t: 3.956338763865465
v: 4.026347121662204
Beginning epoch 14
t: 4.208818516955872
v: 4.283973227979557
Beginning epoch 15
t: 4.113681114027834
v: 4.052965424889553
Beginning epoch 16
t: 4.060898734720699
v: 4.064792670235384
Beginning epoch 17
t: 4.073204215172757
v: 3.7917537312018985
Beginning epoch 18
t: 3.888520478190143
v: 4.082650842352025
Beginning epoch 19
t: 3.9550007312652604
v: 3.8980936367879746
Beginning epoch 20
t: 3.929229613333244
v: 4.041912727580448
Beginning epoch 21
t: 3.9127485397551154
v: 4.006916091920649
Beginning epoch 22
t: 4.011602069639981
v: 3.9300700200086243
Beginning epoch 23
t: 3.9696066582783804
v: 3.9930020016978296
Beginning epoch 24
t: 3.934723156077489
v: 4.075024684757466
Beginning epoch 25
t: 4.030117203759178
v: 3.900436598628985
Beginning epoch 26
t: 3.940352351843661
v: 4.2052522214256465
Beginning epoch 27
t: 3.983399677832592
v: 3.872001213813382
Beginning epoch 28
t: 3.975085572533168
Epoch    29: reducing learning rate of group 0 to 1.0000e-04.
v: 3.9053642099157906
Beginning epoch 29
t: 3.9125083571888872
v: 3.9256542621166246
Beginning epoch 30
t: 4.035441797755204
v: 4.01416556928687
Beginning epoch 31
t: 3.9550384443764
v: 3.90945662211276
Beginning epoch 32
t: 3.934964260371145
v: 3.9277185578280966
Beginning epoch 33
t: 3.8563875403711005
v: 3.968486760979291
Beginning epoch 34
t: 3.979811261062842
v: 3.8033807542775704
Beginning epoch 35
t: 4.02091622141842
v: 4.096138296590758
Beginning epoch 36
t: 3.8481681362200924
v: 3.784865781776995
Beginning epoch 37
t: 4.096777994237391
v: 4.0021411497475485
Beginning epoch 38
t: 3.9899682764895332
v: 3.989522839053915
Beginning epoch 39
t: 3.7831059817720303
v: 3.814379490718025
Beginning epoch 40
t: 3.9381391818422853
v: 4.012660856578011
Beginning epoch 41
t: 3.9371805906262
v: 3.8362234259696577
Beginning epoch 42
t: 4.013785011452326
v: 4.1286405153374535
Beginning epoch 43
t: 3.8940574447188876
v: 3.9325756256457716
Beginning epoch 44
t: 3.88466930333728
v: 4.187490080709702
Beginning epoch 45
t: 3.8268039783161556
v: 4.021536679234078
Beginning epoch 46
t: 3.9618036706482935
v: 3.8587441421487623
Beginning epoch 47
t: 3.8026854630866422
Epoch    48: reducing learning rate of group 0 to 1.0000e-05.
v: 4.0155199542619044
Beginning epoch 48
t: 4.001369449630515
v: 3.861705741216258
Beginning epoch 49
t: 3.769551609992099
v: 3.9331906027551193
